h:\codeprojects\qtprojects\targeter-msvc\release\moc_mainwindow.cpp
h:\codeprojects\qtprojects\targeter-msvc\release\moc_paintqlabel.cpp
h:\codeprojects\qtprojects\targeter-msvc\generatedfiles\ui_mainwindow.h
h:\codeprojects\qtprojects\targeter-msvc\generatedfiles\ui_settingsdialog.h
h:\codeprojects\qtprojects\targeter-msvc\generatedfiles\qrc_icons.cpp
h:\codeprojects\qtprojects\targeter-msvc\release\moc_settingsdialog.cpp
h:\codeprojects\qtprojects\targeter-msvc\x64\release\moc_paintqlabel.obj
h:\codeprojects\qtprojects\targeter-msvc\x64\release\moc_mainwindow.obj
h:\codeprojects\qtprojects\targeter-msvc\x64\release\moc_settingsdialog.obj
h:\codeprojects\qtprojects\targeter-msvc\x64\release\paintqlabel.obj
h:\codeprojects\qtprojects\targeter-msvc\x64\release\opencvtoqt.obj
h:\codeprojects\qtprojects\targeter-msvc\x64\release\opencvtrilateralfilter.obj
h:\codeprojects\qtprojects\targeter-msvc\x64\release\mainwindow.obj
h:\codeprojects\qtprojects\targeter-msvc\x64\release\main.obj
h:\codeprojects\qtprojects\targeter-msvc\x64\release\settingsdialog.obj
h:\codeprojects\qtprojects\targeter-msvc\x64\release\imageprocessing.obj
h:\codeprojects\qtprojects\targeter-msvc\x64\release\findtargets.obj
h:\codeprojects\qtprojects\targeter-msvc\x64\release\helperfunctions.obj
h:\codeprojects\qtprojects\targeter-msvc\x64\release\focusstack.obj
h:\codeprojects\qtprojects\targeter-msvc\x64\release\qrc_icons.obj
h:\codeprojects\qtprojects\targeter-msvc\x64\release\helperfunctionstemplates.obj
h:\codeprojects\qtprojects\targeter-msvc\x64\release\targeter1.res
h:\codeprojects\qtprojects\targeter-msvc\release\targeter.exe
h:\codeprojects\qtprojects\targeter-msvc\x64\release\targeter.tlog\custombuild.write.1.tlog
h:\codeprojects\qtprojects\targeter-msvc\x64\release\targeter.tlog\custombuild.read.1.tlog
h:\codeprojects\qtprojects\targeter-msvc\x64\release\targeter.tlog\custombuild.command.1.tlog
h:\codeprojects\qtprojects\targeter-msvc\x64\release\targeter.tlog\cl.read.1.tlog
h:\codeprojects\qtprojects\targeter-msvc\x64\release\targeter.tlog\cl.write.1.tlog
h:\codeprojects\qtprojects\targeter-msvc\x64\release\targeter.tlog\cl.command.1.tlog
h:\codeprojects\qtprojects\targeter-msvc\x64\release\targeter.tlog\rc.read.1.tlog
h:\codeprojects\qtprojects\targeter-msvc\x64\release\targeter.tlog\rc.write.1.tlog
h:\codeprojects\qtprojects\targeter-msvc\x64\release\targeter.tlog\rc.command.1.tlog
h:\codeprojects\qtprojects\targeter-msvc\x64\release\targeter.tlog\link.command.1.tlog
h:\codeprojects\qtprojects\targeter-msvc\x64\release\targeter.tlog\link.read.1.tlog
h:\codeprojects\qtprojects\targeter-msvc\x64\release\targeter.tlog\link.write.1.tlog
