h:\codeprojects\qtprojects\targeter-msvc\debug\moc_settingsdialog.cpp
h:\codeprojects\qtprojects\targeter-msvc\generatedfiles\ui_mainwindow.h
h:\codeprojects\qtprojects\targeter-msvc\generatedfiles\ui_settingsdialog.h
h:\codeprojects\qtprojects\targeter-msvc\generatedfiles\qrc_icons.cpp
h:\codeprojects\qtprojects\targeter-msvc\debug\moc_mainwindow.cpp
h:\codeprojects\qtprojects\targeter-msvc\debug\moc_paintqlabel.cpp
h:\codeprojects\qtprojects\targeter-msvc\x64\debug\vc140.pdb
h:\codeprojects\qtprojects\targeter-msvc\x64\debug\paintqlabel.obj
h:\codeprojects\qtprojects\targeter-msvc\x64\debug\opencvtoqt.obj
h:\codeprojects\qtprojects\targeter-msvc\x64\debug\opencvtrilateralfilter.obj
h:\codeprojects\qtprojects\targeter-msvc\x64\debug\mainwindow.obj
h:\codeprojects\qtprojects\targeter-msvc\x64\debug\main.obj
h:\codeprojects\qtprojects\targeter-msvc\x64\debug\helperfunctions.obj
h:\codeprojects\qtprojects\targeter-msvc\x64\debug\findtargetssettingsdialog.obj
h:\codeprojects\qtprojects\targeter-msvc\x64\debug\findtargets.obj
h:\codeprojects\qtprojects\targeter-msvc\x64\debug\focusstack.obj
h:\codeprojects\qtprojects\targeter-msvc\x64\debug\moc_paintqlabel.obj
h:\codeprojects\qtprojects\targeter-msvc\x64\debug\moc_mainwindow.obj
h:\codeprojects\qtprojects\targeter-msvc\x64\debug\moc_findtargetssettingsdialog.obj
h:\codeprojects\qtprojects\targeter-msvc\x64\debug\moc_mergesettingsdialog.obj
h:\codeprojects\qtprojects\targeter-msvc\x64\debug\settingsdialog.obj
h:\codeprojects\qtprojects\targeter-msvc\x64\debug\moc_settingsdialog.obj
h:\codeprojects\qtprojects\targeter-msvc\x64\debug\imageprocessing.obj
h:\codeprojects\qtprojects\targeter-msvc\x64\debug\haar.obj
h:\codeprojects\qtprojects\targeter-msvc\x64\debug\qrc_icons.obj
h:\codeprojects\qtprojects\targeter-msvc\x64\debug\targeterimage.obj
h:\codeprojects\qtprojects\targeter-msvc\x64\debug\targeter1.res
h:\codeprojects\qtprojects\targeter-msvc\debug\targeter.pdb
h:\codeprojects\qtprojects\targeter-msvc\debug\targeter.exe
h:\codeprojects\qtprojects\targeter-msvc\x64\debug\targeter.tlog\custombuild.write.1.tlog
h:\codeprojects\qtprojects\targeter-msvc\x64\debug\targeter.tlog\custombuild.read.1.tlog
h:\codeprojects\qtprojects\targeter-msvc\x64\debug\targeter.tlog\custombuild.command.1.tlog
h:\codeprojects\qtprojects\targeter-msvc\x64\debug\targeter.tlog\cl.read.1.tlog
h:\codeprojects\qtprojects\targeter-msvc\x64\debug\targeter.tlog\cl.write.1.tlog
h:\codeprojects\qtprojects\targeter-msvc\x64\debug\targeter.tlog\cl.command.1.tlog
h:\codeprojects\qtprojects\targeter-msvc\x64\debug\targeter.tlog\rc.read.1.tlog
h:\codeprojects\qtprojects\targeter-msvc\x64\debug\targeter.tlog\rc.write.1.tlog
h:\codeprojects\qtprojects\targeter-msvc\x64\debug\targeter.tlog\rc.command.1.tlog
h:\codeprojects\qtprojects\targeter-msvc\x64\debug\targeter.tlog\link.read.1.tlog
h:\codeprojects\qtprojects\targeter-msvc\x64\debug\targeter.tlog\link.write.1.tlog
h:\codeprojects\qtprojects\targeter-msvc\x64\debug\targeter.tlog\link.command.1.tlog
